0 -1 0 0 0
0.1 -0.810399 0 0.343253 0
0.2 -0.320016 0 0.89759 0
0.3 0.255747 0 0.934593 0
0.4 0.776517 0 0.397021 0
0.5 0.950046 0 0.0974123 0
0.6 0.750205 0 0.437193 0
0.7 0.269768 0 0.927225 0
0.8 -0.329792 0 0.891237 0
0.9 -0.809728 0 0.34434 0
1 -0.999993 0 1.43151E-05 0
1.1 -0.999993 0 1.38574E-05 0
1.2 -0.999993 0 1.33881E-05 0
1.3 -0.999993 0 1.34963E-05 0
1.4 -0.999993 0 1.34917E-05 0
1.5 -0.999994 0 1.2859E-05 0
1.6 -0.999994 0 1.20765E-05 0
1.7 -0.999994 0 1.20505E-05 0
1.8 -0.999994 0 1.2257E-05 0
1.9 -0.999994 0 1.17643E-05 0
2 -0.999995 0 1.07285E-05 0
