0 1 0 0 0
0.1 0.796569 0 0.365478 0
0.2 0.288285 0 0.916892 0
0.3 -0.337869 0 0.885845 0
0.4 -0.812143 0 0.340423 0
0.5 -0.999998 0 3.98786E-06 0
0.6 -0.815763 0 0.334531 0
0.7 -0.331347 0 0.890209 0
0.8 0.266009 0 0.929239 0
0.9 0.787911 0 0.379196 0
1 0.945149 0 0.106694 0
1.1 0.882947 0 0.220405 0
1.2 0.819188 0 0.328931 0
1.3 0.833882 0 0.304642 0
1.4 0.833255 0 0.305686 0
1.5 0.747288 0 0.441561 0
1.6 0.640961 0 0.589169 0
1.7 0.637429 0 0.593684 0
1.8 0.665487 0 0.557127 0
1.9 0.598537 0 0.641753 0
2 0.457792 0 0.790427 0
