0 0 0 0 0
0.1 -0.189013 -1.12587 0.515262 0.097153
0.2 -0.821066 0.60062 -0.216116 1.07659
0.3 -0.755029 1.33052 0.519502 1.07199
0.4 -0.705888 1.31175 0.520662 1.13936
0.5 -0.794283 1.34085 0.430118 0.885502
0.6 -0.611463 1.4289 0.561495 0.602671
0.7 -0.335388 1.4814 0.626576 0.291608
0.8 -0.251502 1.47055 0.636069 0.214395
0.9 -0.137032 1.39372 0.518282 0.0837532
1 0.109732 1.39019 0.494446 -0.102903
1.1 0.0583304 1.41242 0.560503 -0.0669079
1.2 0.211499 1.33496 0.455853 -0.165731
1.3 0.406566 1.27013 0.366004 -0.287024
1.4 0.22061 1.29062 0.422258 -0.159493
1.5 0.333088 1.13516 0.286297 -0.191244
1.6 0.370452 1.17575 0.317904 -0.225458
1.7 0.358611 1.1767 0.322503 -0.211002
1.8 0.510576 1.1131 0.255124 -0.292301
1.9 0.628231 0.998315 0.155476 -0.31878
2 0.699829 0.82546 0.0470194 -0.282141
2.1 0.790156 0.698405 -0.0363828 -0.270641
2.2 0.835885 0.517062 -0.106065 -0.203775
2.3 0.803377 0.411936 -0.113586 -0.1524
2.4 0.750127 0.320013 -0.105113 -0.108785
2.5 0.764781 0.199006 -0.125068 -0.0675138
2.6 0.771156 0.136859 -0.132699 -0.0471541
2.7 0.783716 0.0415016 -0.14271 -0.0130503
2.8 0.739154 -0.0394699 -0.126046 0.0153352
2.9 0.682058 -0.177692 -0.0972496 0.0598202
3 0.616116 -0.241771 -0.0703529 0.0717105
3.1 0.569583 -0.276958 -0.0540199 0.074864
3.2 0.508106 -0.315852 -0.0333332 0.0750547
3.3 0.460961 -0.331439 -0.0212746 0.0707034
3.4 0.377736 -0.345276 -0.00349807 0.0590785
3.5 0.32131 -0.364394 0.00835477 0.0526458
3.6 0.261521 -0.389862 0.0209081 0.0452776
3.7 0.197064 -0.385419 0.0260393 0.0329073
3.8 0.148928 -0.384857 0.0293054 0.0243317
3.9 0.109815 -0.379287 0.0303375 0.0173751
4 0.0624348 -0.368651 0.0299752 0.00892274
4.1 0.017495 -0.360158 0.0290716 0.00130841
4.2 -0.0196315 -0.337382 0.0251003 -0.00427145
4.3 -0.0486741 -0.316479 0.0214122 -0.00795057
4.4 -0.0704603 -0.290835 0.0172597 -0.00990195
4.5 -0.0858917 -0.271586 0.0143744 -0.0109663
4.6 -0.107854 -0.244497 0.0102157 -0.0121242
4.7 -0.122713 -0.222657 0.00721031 -0.0124144
4.8 -0.138479 -0.197119 0.00389175 -0.0122674
4.9 -0.148452 -0.177506 0.00168016 -0.0117972
5 -0.155422 -0.150891 -0.000677774 -0.0103804
5.1 -0.156941 -0.126119 -0.00220549 -0.00867318
5.2 -0.16096 -0.102803 -0.00362501 -0.00717897
5.3 -0.165801 -0.0816862 -0.00482137 -0.00581175
5.4 -0.164308 -0.0584353 -0.00535951 -0.00402206
5.5 -0.1635 -0.038638 -0.00568437 -0.00254678
5.6 -0.158352 -0.0209686 -0.00549391 -0.00123142
5.7 -0.152546 -0.00435866 -0.00514157 -6.77083E-05
5.8 -0.145163 0.0101457 -0.00459984 0.000853218
5.9 -0.135292 0.0230303 -0.00385818 0.00154109
6 -0.127708 0.0353393 -0.00323943 0.00214349
6.1 -0.117825 0.0459762 -0.00249327 0.00251385
6.2 -0.107141 0.0546511 -0.00176009 0.00267464
6.3 -0.0960357 0.0625328 -0.00105023 0.00270964
6.4 -0.0846116 0.0681825 -0.000435631 0.00257417
6.5 -0.0737281 0.0725101 7.03875E-05 0.00236391
6.6 -0.0626379 0.0761183 0.000513781 0.00208638
6.7 -0.0517172 0.0770142 0.000798761 0.0017232
6.8 -0.0421937 0.0779005 0.00101254 0.00140834
6.9 -0.0329866 0.0779755 0.00115487 0.00108761
7 -0.0241653 0.0769037 0.00121564 0.000770228
7.1 -0.0155648 0.0755828 0.00123532 0.000466405
7.2 -0.00748976 0.0733191 0.00119033 0.000189296
7.3 0.000532194 0.0701019 0.00108721 -6.87053E-05
7.4 0.00657914 0.0663265 0.000956428 -0.000237863
7.5 0.012677 0.0619244 0.000797257 -0.000385329
7.6 0.0180347 0.057303 0.000633151 -0.000488089
7.7 0.0225584 0.0527868 0.000479605 -0.000551379
7.8 0.0263788 0.0477935 0.000325406 -0.00057512
7.9 0.0296041 0.0427143 0.000183248 -0.000570174
8 0.0322892 0.0376956 5.75892E-05 -0.000543566
8.1 0.0340809 0.032651 -4.49854E-05 -0.000492251
8.2 0.0352884 0.0277277 -0.000126364 -0.000428757
8.3 0.0359822 0.022919 -0.000187931 -0.00035752
8.4 0.0363355 0.0181971 -0.000233405 -0.000282545
8.5 0.0360097 0.0136379 -0.000256446 -0.000205592
8.6 0.0353026 0.00946429 -0.00026312 -0.000135572
8.7 0.0343013 0.00559444 -0.000257537 -7.27325E-05
8.8 0.0330338 0.00194099 -0.000242001 -1.66099E-05
8.9 0.0314152 -0.00119154 -0.000217289 2.70389E-05
9 0.0295969 -0.0041378 -0.0001874 6.33371E-05
9.1 0.0276476 -0.00674463 -0.000155086 9.02147E-05
9.2 0.0255435 -0.00907007 -0.000121163 0.000108707
9.3 0.023307 -0.011019 -8.77622E-05 0.000118223
9.4 0.0210287 -0.0126092 -5.69661E-05 0.000120407
9.5 0.018697 -0.0139493 -2.86597E-05 0.000117101
9.6 0.0163446 -0.0149836 -4.12529E-06 0.000108818
9.7 0.0140516 -0.015716 1.57255E-05 9.71723E-05
9.8 0.0117849 -0.0162108 3.15369E-05 8.31659E-05
9.9 0.0096176 -0.0164834 4.30858E-05 6.81888E-05
10 0.00756034 -0.0164893 5.0188E-05 5.28446E-05
