0 5 0 0 0
0.1 4.65553 0 0.331278 -3.46945E-18
0.2 4.69876 -1.11022E-16 0.262861 5.98812E-16
0.3 4.10444 0 0.484587 -4.44089E-16
0.4 4.08184 0 0.473595 0
0.5 3.46793 -1.11022E-16 0.575073 8.81057E-16
0.6 3.12891 0 0.680506 0
0.7 2.8119 0 0.784254 8.32667E-17
0.8 2.71635 2.77556E-17 0.772475 -1.50788E-16
0.9 2.26012 5.42101E-20 0.820301 -2.2229E-16
1 2.21954 5.46438E-17 0.847165 -2.74623E-17
1.1 2.35082 0 0.777989 -2.28983E-16
1.2 2.0879 0 0.799401 0
1.3 2.0196 0 0.805684 -2.60209E-18
1.4 1.94264 0 0.787971 8.67362E-19
1.5 1.53157 -1.0842E-19 0.773911 5.58433E-17
1.6 1.69175 -2.77556E-17 0.77347 -1.75451E-17
1.7 1.68117 -5.42101E-20 0.780295 1.10771E-16
1.8 1.67253 0 0.765225 0
1.9 1.53584 -5.42101E-20 0.750996 2.74884E-17
2 1.26316 -6.93889E-18 0.716067 1.75299E-17
2.1 1.19638 -1.38642E-17 0.694987 3.32279E-17
2.2 1.02462 6.93889E-18 0.653307 1.35362E-17
2.3 0.854542 -8.47033E-22 0.592186 -6.94083E-18
2.4 0.689621 -4.32834E-19 0.51741 6.00371E-19
2.5 0.6461 8.67362E-19 0.493584 -1.12081E-18
2.6 0.634669 1.73472E-18 0.48599 -2.20195E-18
2.7 0.638062 0 0.485936 -6.9372E-18
2.8 0.565153 0 0.44473 3.46945E-18
2.9 0.510637 0 0.412214 0
3 0.448712 -4.33681E-19 0.372127 3.89407E-19
3.1 0.410102 0 0.345508 0
3.2 0.364995 0 0.313614 -1.05879E-22
3.3 0.328019 -1.0842E-19 0.286337 -7.96234E-19
3.4 0.265518 -2.71051E-20 0.238288 -3.98164E-20
3.5 0.23895 -1.65436E-24 0.216822 2.16828E-19
3.6 0.222943 1.08422E-19 0.20361 1.68503E-19
3.7 0.189184 0 0.175326 -2.16841E-19
3.8 0.171776 0 0.160335 0
3.9 0.157164 6.77626E-21 0.147545 2.49767E-20
4 0.140797 -3.23117E-27 0.133076 -2.49395E-26
4.1 0.130881 1.35524E-20 0.124199 5.06626E-20
4.2 0.114869 0 0.10973 2.71051E-20
4.3 0.103056 8.07794E-28 0.0989147 3.06468E-27
4.4 0.0899498 8.47033E-22 0.0867954 3.23565E-21
4.5 0.0814665 3.38814E-21 0.0788688 -5.51989E-22
4.6 0.0716647 -3.38813E-21 0.0696585 4.85631E-22
4.7 0.0648426 1.69407E-21 0.0631978 -2.19689E-22
4.8 0.0581989 8.47033E-22 0.0568746 3.28954E-21
4.9 0.0536893 -8.07794E-28 0.0525581 -6.37561E-27
5 0.0470328 0 0.0461668 -8.07794E-28
5.1 0.0406171 0 0.039973 1.69406E-21
5.2 0.0365414 2.01948E-28 0.0360203 8.47033E-22
5.3 0.0342198 2.11758E-22 0.0337618 -1.44931E-23
5.4 0.0304569 0 0.0300949 4.03897E-28
5.5 0.028264 2.52435E-29 0.0279518 2.11758E-22
5.6 0.0255468 0 0.0252917 -5.04871E-29
5.7 0.0233159 0 0.0231032 2.11758E-22
5.8 0.0211972 -5.29396E-23 0.0210212 2.24434E-24
5.9 0.0188517 1.32349E-23 0.0187127 2.59708E-23
6 0.0175733 -1.32349E-23 0.0174522 -5.24744E-23
6.1 0.016009 0 0.0159084 1.05879E-22
6.2 0.0144761 0 0.0143938 5.29396E-23
6.3 0.0131417 0 0.0130739 5.29396E-23
6.4 0.0118148 0 0.0117601 -1.32349E-23
6.5 0.0106991 0 0.0106542 -6.61744E-24
6.6 0.00972212 1.97215E-31 0.00968504 1.32349E-23
6.7 0.00860946 9.86076E-32 0.00858042 -1.32349E-23
6.8 0.0078518 0 0.00782761 0
6.9 0.00717081 1.65436E-24 0.00715061 -2.37264E-26
7 0.00650021 2.06795E-25 0.0064836 8.24492E-25
7.1 0.00595677 0 0.0059428 0
7.2 0.00543324 0 0.00542161 6.61744E-24
7.3 0.00491575 1.2326E-32 0.00490624 -3.30872E-24
7.4 0.00444346 0 0.00443569 0
7.5 0.00399612 1.54074E-33 0.00398984 1.29247E-26
7.6 0.00360953 0 0.0036044 0
7.7 0.00329586 0 0.00329158 8.27181E-25
7.8 0.0029805 0 0.002977 -8.27181E-25
7.9 0.00270127 0 0.0026984 4.1359E-25
8 0.00246386 -1.29247E-26 0.00246146 6.36884E-29
8.1 0.00222784 -4.81482E-35 0.00222588 -1.92378E-34
8.2 0.00201429 -9.62965E-35 0.0020127 -2.06795E-25
8.3 0.00182016 0 0.00181886 -1.03398E-25
8.4 0.00165154 -2.58494E-26 0.00165046 8.53824E-29
8.5 0.0014828 0 0.00148193 2.58494E-26
8.6 0.00133593 6.46235E-27 0.00133523 -1.72665E-29
8.7 0.00120795 -3.76158E-37 0.00120738 9.08761E-40
8.8 0.00109506 0 0.00109459 2.58494E-26
8.9 0.000988383 -6.46235E-27 0.000987998 1.27745E-29
9 0.000893134 0 0.00089282 6.46235E-27
9.1 0.000809911 0 0.000809653 3.23117E-27
9.2 0.000734761 7.52316E-37 0.000734549 -1.10555E-39
9.3 0.000664654 0 0.00066448 -6.46235E-27
9.4 0.000601217 0 0.000601075 0
9.5 0.000544172 0 0.000544056 0
9.6 0.000491665 0 0.00049157 -1.88079E-37
9.7 0.000444449 -4.03897E-28 0.000444371 -1.61523E-27
9.8 0.000401683 -4.03897E-28 0.00040162 3.24477E-31
9.9 0.000364206 -1.17549E-38 0.000364154 -4.70112E-38
10 0.000329061 0 0.000329018 4.70198E-38
