Number_of_Trajectories  1 
0 0 0 0 0
0.1 -0.19369 -1.13157 0.5231 0.0864218
0.2 -0.836144 0.560665 -0.279843 1.06058
0.3 -0.789374 1.30411 0.459902 1.10694
0.4 -0.747222 1.28108 0.454987 1.17905
0.5 -0.797061 1.33631 0.422966 0.883422
0.6 -0.605418 1.42889 0.563409 0.596592
0.7 -0.326183 1.47847 0.62412 0.281208
0.8 -0.250129 1.4667 0.634468 0.213052
0.9 -0.143535 1.38651 0.513788 0.0886517
1 0.101217 1.3843 0.493163 -0.0965062
1.1 0.0564498 1.40633 0.557509 -0.0645235
1.2 0.200553 1.32969 0.456104 -0.157255
1.3 0.393466 1.26735 0.369889 -0.278685
1.4 0.208679 1.28488 0.422147 -0.149755
1.5 0.324517 1.13053 0.287081 -0.185473
1.6 0.358975 1.17147 0.319782 -0.217105
1.7 0.345095 1.17138 0.323789 -0.200728
1.8 0.4948 1.11153 0.261008 -0.282383
1.9 0.613448 0.998443 0.162683 -0.311769
2 0.686766 0.828151 0.0542823 -0.278904
2.1 0.777057 0.703962 -0.0280322 -0.270001
2.2 0.826076 0.522435 -0.10054 -0.205208
2.3 0.79549 0.417098 -0.109644 -0.154267
2.4 0.743275 0.324541 -0.102263 -0.110348
2.5 0.759219 0.20468 -0.123108 -0.0698916
2.6 0.765835 0.143096 -0.131018 -0.0498692
2.7 0.779562 0.0490327 -0.141901 -0.0164498
2.8 0.736146 -0.0322608 -0.126021 0.0123483
2.9 0.681473 -0.170421 -0.0986821 0.0575459
3 0.616146 -0.23531 -0.0719384 0.0701622
3.1 0.569975 -0.270678 -0.0556615 0.0736033
3.2 0.50906 -0.310053 -0.0349716 0.0742686
3.3 0.462054 -0.32576 -0.0228282 0.0700858
3.4 0.379148 -0.340772 -0.00469007 0.0589274
3.5 0.323144 -0.360333 0.00728077 0.0527592
3.6 0.263873 -0.386448 0.0200163 0.0457099
3.7 0.199466 -0.382639 0.0254314 0.0334115
3.8 0.15146 -0.382424 0.0288566 0.0248891
3.9 0.112465 -0.377133 0.0300069 0.0179568
4 0.0651347 -0.366975 0.029821 0.00949105
4.1 0.0202948 -0.358957 0.0290825 0.00185911
4.2 -0.0169693 -0.336555 0.0252107 -0.00381661
4.3 -0.046084 -0.315917 0.0215816 -0.00756612
4.4 -0.0680313 -0.290444 0.0174459 -0.009595
4.5 -0.0835026 -0.271298 0.0145713 -0.0106967
4.6 -0.105644 -0.244465 0.0104303 -0.0119368
4.7 -0.120593 -0.222794 0.007431 -0.0122762
4.8 -0.136518 -0.197471 0.00411002 -0.0121924
4.9 -0.146557 -0.177999 0.00189579 -0.0117575
5 -0.153735 -0.151502 -0.000491958 -0.0103839
5.1 -0.155445 -0.12678 -0.00205291 -0.00870058
5.2 -0.159634 -0.103581 -0.00349839 -0.00723356
5.3 -0.164622 -0.0826125 -0.00471726 -0.00589259
5.4 -0.163335 -0.0594173 -0.00528974 -0.00411226
5.5 -0.16269 -0.0397021 -0.00564141 -0.00264513
5.6 -0.157688 -0.0220505 -0.00547364 -0.00132611
5.7 -0.152028 -0.00545748 -0.00514195 -0.000156538
5.8 -0.144773 0.00905015 -0.004616 0.000773624
5.9 -0.13502 0.0219761 -0.00388513 0.00147515
6 -0.127563 0.0342834 -0.00327822 0.00208751
6.1 -0.117795 0.0449576 -0.00253869 0.00247117
6.2 -0.107208 0.0536845 -0.00180794 0.0026449
6.3 -0.0962027 0.0616277 -0.00109848 0.00269291
6.4 -0.0848532 0.0673477 -0.000480844 0.00256815
6.5 -0.0740349 0.0717409 2.9093E-05 0.00236653
6.6 -0.0630095 0.0754241 0.000477724 0.00209693
6.7 -0.0521176 0.0763979 0.000769511 0.00173787
6.8 -0.0426332 0.0773455 0.000988495 0.00142659
6.9 -0.0334597 0.0774842 0.00113623 0.00110836
7 -0.0246595 0.0764776 0.00120241 0.00079194
7.1 -0.0160819 0.0752268 0.00122755 0.000488619
7.2 -0.00801827 0.0730326 0.00118758 0.000210712
7.3 5.32563E-06 0.0698926 0.00108929 -4.94386E-05
7.4 0.00605975 0.0661682 0.000961204 -0.000220891
7.5 0.0121745 0.0618265 0.000804568 -0.000371401
7.6 0.0175518 0.0572607 0.000642202 -0.00047721
7.7 0.0220926 0.0527936 0.000489768 -0.00054321
7.8 0.025939 0.0478445 0.00033588 -0.000569726
7.9 0.0291931 0.042806 0.000193544 -0.000567342
8 0.0319077 0.0378254 6.73649E-05 -0.000543014
8.1 0.0337313 0.0328089 -3.62097E-05 -0.000493467
8.2 0.0349714 0.0279092 -0.000118777 -0.000431352
8.3 0.0356989 0.02312 -0.000181662 -0.000361149
8.4 0.0360879 0.0184161 -0.000228537 -0.000286962
8.5 0.0357984 0.0138666 -0.000253005 -0.000210322
8.6 0.0351247 0.00969943 -0.00026093 -0.000140343
8.7 0.0341555 0.00583368 -0.000256457 -7.73506E-05
8.8 0.0329202 0.00218185 -0.000241925 -2.09048E-05
8.9 0.0313287 -0.000953313 -0.00021794 2.3214E-05
9 0.029538 -0.00390455 -0.000188671 6.00773E-05
9.1 0.0276144 -0.00651781 -0.000156812 8.75463E-05
9.2 0.0255347 -0.008852 -0.000123198 0.000106661
9.3 0.0233195 -0.0108119 -8.99343E-05 0.000116779
9.4 0.0210597 -0.0124141 -5.91482E-05 0.000119504
9.5 0.0187451 -0.0137677 -3.07583E-05 0.0001167
9.6 0.0164075 -0.0148168 -6.05143E-06 0.000108845
9.7 0.0141266 -0.015564 1.40231E-05 9.75366E-05
9.8 0.0118704 -0.0160745 3.0099E-05 8.37975E-05
9.9 0.00971182 -0.0163624 4.19222E-05 6.90133E-05
10 0.00766058 -0.0163833 4.92987E-05 5.37773E-05
