Number_of_Trajectories  1 
0 5 0 0 0
0.1 4.65148 2.22045E-16 0.333828 -2.89315E-16
0.2 4.70367 0 0.25951 0
0.3 4.11392 0 0.477414 4.44089E-16
0.4 4.08111 1.11022E-16 0.462387 -4.62098E-16
0.5 3.45287 0 0.574089 -1.11022E-16
0.6 3.11829 -1.11022E-16 0.680563 7.06277E-16
0.7 2.78923 -2.77556E-17 0.78601 9.93221E-17
0.8 2.70353 -5.55112E-17 0.768914 7.81078E-17
0.9 2.23896 5.52943E-17 0.81557 -2.5559E-17
1 2.19986 8.67362E-19 0.840584 3.12274E-18
1.1 2.33106 -5.63785E-17 0.77275 2.62843E-16
1.2 2.0678 -2.77556E-17 0.79299 3.76357E-18
1.3 2.00107 -3.03577E-18 0.798811 -1.72824E-18
1.4 1.92024 2.1684E-19 0.782295 3.459E-20
1.5 1.51388 1.38778E-17 0.768024 6.90036E-17
1.6 1.67108 0 0.768055 -4.33681E-19
1.7 1.65586 0 0.774879 0
1.8 1.65071 -2.78098E-17 0.760044 9.1595E-17
1.9 1.51569 -6.88468E-18 0.745408 2.08701E-17
2 1.24844 6.93889E-18 0.710305 1.04299E-17
2.1 1.18279 0 0.689203 5.42101E-20
2.2 1.01335 0 0.64763 1.35525E-20
2.3 0.845917 -3.46945E-18 0.587113 5.86973E-18
2.4 0.682056 8.47033E-22 0.512576 4.32525E-19
2.5 0.639758 1.73472E-18 0.489288 1.24984E-18
2.6 0.628057 0 0.481553 -6.93974E-18
2.7 0.632125 -1.73515E-18 0.481867 2.19197E-18
2.8 0.560113 -1.05879E-22 0.441089 1.18609E-22
2.9 0.507334 -4.33575E-19 0.409503 -1.29479E-18
3 0.445679 0 0.369598 0
3.1 0.407108 0 0.343023 1.32349E-23
3.2 0.362333 0 0.311359 -1.05879E-22
3.3 0.325278 1.0842E-19 0.284025 1.46307E-19
3.4 0.263489 -5.42105E-20 0.236508 2.85678E-20
3.5 0.237184 -1.65436E-24 0.215247 7.84775E-25
3.6 0.221532 0 0.202319 6.61744E-24
3.7 0.188003 -2.71051E-20 0.17423 1.01917E-20
3.8 0.170671 -3.38813E-21 0.159305 1.15486E-21
3.9 0.156125 2.06795E-25 0.146572 1.58979E-24
4 0.13991 -1.35525E-20 0.132237 -5.04181E-20
4.1 0.130125 0 0.123477 0
4.2 0.114217 -6.77626E-21 0.109102 1.54813E-21
4.3 0.102457 0 0.098337 -5.16988E-26
4.4 0.0893871 1.69407E-21 0.0862525 -3.02855E-22
4.5 0.0809053 0 0.0783276 -6.77632E-21
4.6 0.0711776 1.61559E-27 0.0691865 -6.77626E-21
4.7 0.0643874 0 0.0627559 6.77626E-21
4.8 0.0577989 -8.47033E-22 0.0564848 9.79151E-23
4.9 0.0533054 -8.07794E-28 0.0521835 -3.14505E-27
5 0.046696 -4.23516E-22 0.0458373 3.95547E-23
5.1 0.0403166 -4.23516E-22 0.0396783 -1.65991E-21
5.2 0.0362768 -4.23516E-22 0.0357604 3.07281E-23
5.3 0.0339826 0 0.0335282 -8.47033E-22
5.4 0.0302539 0 0.0298946 1.05879E-22
5.5 0.0280831 0 0.027773 4.23516E-22
5.6 0.0253835 1.05879E-22 0.0251301 8.41658E-22
5.7 0.0231689 2.52435E-29 0.0229576 -2.11758E-22
5.8 0.0210632 5.29396E-23 0.0208885 1.03649E-22
5.9 0.0187308 8.27181E-25 0.0185927 3.27773E-24
6 0.0174629 0 0.0173426 0
6.1 0.0159094 1.57772E-30 0.0158095 1.05879E-22
6.2 0.0143859 0 0.0143041 -3.15544E-30
6.3 0.0130614 0 0.012994 -2.64698E-23
6.4 0.0117426 -8.27181E-25 0.0116882 1.94265E-26
6.5 0.0106335 3.30872E-24 0.0105889 1.31645E-23
6.6 0.00966363 -6.61745E-24 0.00962677 -2.63419E-23
6.7 0.00855651 -6.61744E-24 0.00852765 -2.63565E-23
6.8 0.00780293 6.16298E-33 0.0077789 2.45557E-32
6.9 0.00712588 0 0.00710581 1.97215E-31
7 0.00645899 8.27181E-25 0.00644248 -1.06853E-26
7.1 0.00591945 0 0.00590558 0
7.2 0.00539951 0 0.00538796 -3.30872E-24
7.3 0.00488617 0 0.00487672 0
7.4 0.00441593 0 0.0044082 -6.16298E-33
7.5 0.00397152 0 0.00396527 -1.2326E-32
7.6 0.0035875 -1.54074E-33 0.0035824 -1.23149E-32
7.7 0.00327579 2.06795E-25 0.00327154 -1.35483E-27
7.8 0.00296237 -2.06795E-25 0.00295889 1.22521E-27
7.9 0.00268495 1.03398E-25 0.00268209 2.0624E-25
8 0.00244916 -1.29247E-26 0.00244678 -2.57861E-26
8.1 0.00221447 9.62965E-35 0.00221253 -2.06795E-25
8.2 0.00200212 0 0.00200053 -2.06795E-25
8.3 0.00180911 -4.81482E-35 0.00180781 -1.03398E-25
8.4 0.00164162 2.58494E-26 0.00164055 5.16139E-26
8.5 0.00147392 0 0.00147306 0
8.6 0.00132791 0 0.00132721 4.81482E-35
8.7 0.0012007 -1.29247E-26 0.00120013 -5.16678E-26
8.8 0.00108856 0 0.00108809 0
8.9 0.000982442 3.00927E-36 0.00098206 1.20311E-35
9 0.00088778 -8.07794E-28 0.000887468 1.43428E-30
9.1 0.000805069 -7.52316E-37 0.000804813 -6.01732E-36
9.2 0.000730405 0 0.000730194 3.00927E-36
9.3 0.000660718 -1.46937E-39 0.000660545 1.94168E-42
9.4 0.000597638 0 0.000597497 3.23117E-27
9.5 0.000540943 -1.88079E-37 0.000540827 8.07794E-28
9.6 0.000488754 0 0.00048866 9.40395E-38
9.7 0.00044181 0 0.000441732 0
9.8 0.000399304 0 0.000399241 1.61559E-27
9.9 0.000362055 -5.87747E-39 0.000362003 8.07794E-28
10 0.000327104 0 0.000327061 0
