0 1.4 -0.4 0 0
0.1 1.28708 -0.511541 -1.50691E-06 -1.50351E-05
0.2 1.16961 -0.606385 -8.63694E-06 -2.68715E-05
0.3 1.04942 -0.684995 -1.92735E-05 -3.41734E-05
0.4 0.928206 -0.747995 -3.14726E-05 -3.6837E-05
0.5 0.807495 -0.796092 -4.43236E-05 -3.43034E-05
0.6 0.688675 -0.830163 -5.60099E-05 -2.76777E-05
0.7 0.572972 -0.851129 -6.56077E-05 -1.74461E-05
0.8 0.461479 -0.859995 -7.18913E-05 -4.59544E-06
0.9 0.355118 -0.857776 -7.44442E-05 1.04777E-05
1 0.254638 -0.845599 -7.35581E-05 2.56604E-05
1.1 0.160715 -0.824554 -6.85138E-05 3.99877E-05
1.2 0.0738121 -0.795681 -5.99949E-05 5.36268E-05
1.3 -0.00571277 -0.760109 -4.87319E-05 6.50106E-05
1.4 -0.0775728 -0.718915 -3.49129E-05 7.29607E-05
1.5 -0.141672 -0.673056 -1.92358E-05 7.82277E-05
1.6 -0.198034 -0.623607 -3.86658E-06 7.99315E-05
1.7 -0.246669 -0.571445 1.16732E-05 7.82187E-05
1.8 -0.28775 -0.51743 2.66208E-05 7.35073E-05
1.9 -0.321489 -0.462404 4.01255E-05 6.56323E-05
2 -0.348175 -0.407117 5.15759E-05 5.50369E-05
2.1 -0.368209 -0.352252 6.0269E-05 4.28204E-05
2.2 -0.38194 -0.29842 6.61369E-05 2.91246E-05
2.3 -0.389824 -0.246184 6.87297E-05 1.48369E-05
2.4 -0.39232 -0.196005 6.82021E-05 6.68826E-07
2.5 -0.389936 -0.148241 6.52049E-05 -1.25415E-05
2.6 -0.38316 -0.103274 5.96052E-05 -2.43302E-05
2.7 -0.372473 -0.0613425 5.2056E-05 -3.45064E-05
2.8 -0.358359 -0.0226885 4.26745E-05 -4.27442E-05
2.9 -0.341311 0.0125798 3.22585E-05 -4.88992E-05
3 -0.321841 0.04432 2.10947E-05 -5.24838E-05
3.1 -0.300414 0.0725086 9.889E-06 -5.35705E-05
3.2 -0.277446 0.0971545 -9.46028E-07 -5.24617E-05
3.3 -0.25338 0.118296 -1.09058E-05 -4.92313E-05
3.4 -0.228572 0.136007 -1.98232E-05 -4.42633E-05
3.5 -0.203419 0.150434 -2.71347E-05 -3.79178E-05
3.6 -0.178234 0.16171 -3.28085E-05 -3.0582E-05
3.7 -0.153329 0.169967 -3.67573E-05 -2.24588E-05
3.8 -0.12898 0.175432 -3.88334E-05 -1.41154E-05
3.9 -0.105422 0.178294 -3.91435E-05 -5.88191E-06
4 -0.0828426 0.178759 -3.79031E-05 1.93985E-06
4.1 -0.0614235 0.177062 -3.52505E-05 9.01792E-06
4.2 -0.0413208 0.173411 -3.13553E-05 1.51944E-05
4.3 -0.0226443 0.168053 -2.65084E-05 2.02069E-05
4.4 -0.0054832 0.161205 -2.09713E-05 2.39737E-05
4.5 0.0101081 0.153107 -1.50846E-05 2.63981E-05
4.6 0.024105 0.143945 -9.10352E-06 2.7616E-05
4.7 0.0364811 0.133956 -3.28925E-06 2.75749E-05
4.8 0.0472502 0.123317 2.15843E-06 2.64481E-05
4.9 0.0564329 0.112239 7.00854E-06 2.43234E-05
5 0.0640645 0.100868 1.11979E-05 2.1438E-05
5.1 0.0702024 0.0893853 1.45532E-05 1.79059E-05
5.2 0.0749326 0.0779299 1.70056E-05 1.39862E-05
5.3 0.0783317 0.0666381 1.85615E-05 9.88651E-06
5.4 0.0804631 0.0556248 1.92257E-05 5.71489E-06
5.5 0.0814448 0.045001 1.90731E-05 1.71716E-06
5.6 0.0813589 0.0348579 1.81303E-05 -2.00469E-06
5.7 0.0803162 0.025264 1.6571E-05 -5.30396E-06
5.8 0.0784181 0.0162848 1.44541E-05 -8.0757E-06
5.9 0.0757639 0.00796881 1.19749E-05 -1.02911E-05
6 0.0724715 0.000342651 9.233E-06 -1.18507E-05
6.1 0.0686258 -0.00655977 6.38296E-06 -1.28153E-05
6.2 0.0643298 -0.0127255 3.53198E-06 -1.3164E-05
6.3 0.0596766 -0.0181558 8.05235E-07 -1.29229E-05
6.4 0.054757 -0.0228503 -1.69796E-06 -1.22309E-05
6.5 0.049657 -0.0268271 -3.89287E-06 -1.108E-05
6.6 0.0444497 -0.0301088 -5.70966E-06 -9.574E-06
6.7 0.0392111 -0.032713 -7.15458E-06 -7.86152E-06
6.8 0.0340087 -0.0346873 -8.15204E-06 -5.97871E-06
6.9 0.0288965 -0.0360625 -8.70665E-06 -4.02645E-06
7 0.0239273 -0.036877 -8.85955E-06 -2.10524E-06
7.1 0.0191435 -0.0371786 -8.67538E-06 -2.92613E-07
7.2 0.0145872 -0.0370084 -8.13932E-06 1.36398E-06
7.3 0.0102876 -0.0364115 -7.3127E-06 2.8039E-06
7.4 0.00628314 -0.0354411 -6.25225E-06 3.97323E-06
7.5 0.00258067 -0.0341388 -5.08989E-06 4.89962E-06
7.6 -0.000800398 -0.0325555 -3.82251E-06 5.53538E-06
7.7 -0.00385026 -0.0307391 -2.51507E-06 5.87207E-06
7.8 -0.00656338 -0.0287279 -1.23004E-06 5.92672E-06
7.9 -0.00894107 -0.0265667 -2.67005E-08 5.72437E-06
8 -0.0109876 -0.0242958 1.04913E-06 5.3087E-06
8.1 -0.0127063 -0.0219526 1.98841E-06 4.7672E-06
8.2 -0.0141104 -0.0195718 2.75673E-06 4.07126E-06
8.3 -0.0152134 -0.0171847 3.33397E-06 3.26879E-06
8.4 -0.0160319 -0.014819 3.71227E-06 2.40874E-06
8.5 -0.0165793 -0.0125022 3.89402E-06 1.53392E-06
8.6 -0.0168782 -0.0102586 3.8899E-06 6.88101E-07
8.7 -0.0169488 -0.00810658 3.72109E-06 -9.28648E-08
8.8 -0.0168116 -0.0060617 3.41432E-06 -7.81147E-07
8.9 -0.0164874 -0.00414245 3.05182E-06 -1.38115E-06
9 -0.0159979 -0.00235472 2.59135E-06 -1.86981E-06
9.1 -0.0153656 -0.000709039 2.063E-06 -2.23308E-06
9.2 -0.0146105 0.000789177 1.49829E-06 -2.46638E-06
9.3 -0.0137533 0.00213453 9.26531E-07 -2.57112E-06
9.4 -0.012815 0.00332583 3.75384E-07 -2.55525E-06
9.5 -0.011813 0.00436509 -1.31859E-07 -2.43312E-06
9.6 -0.0107656 0.00525323 -5.77187E-07 -2.22135E-06
9.7 -0.00969076 0.00599408 -9.46967E-07 -1.93927E-06
9.8 -0.00860237 0.00659343 -1.23347E-06 -1.60811E-06
9.9 -0.00751573 0.00705794 -1.43325E-06 -1.24835E-06
10 -0.0064439 0.00739348 -1.54777E-06 -8.79031E-07
