0 2.12 0 2.12 0
0.1 1.91826 -5.94859E-23 1.9183 1.86286E-16
0.2 1.73569 7.34123E-24 1.73575 1.0449E-16
0.3 1.5705 -1.31387E-21 1.57057 -4.27405E-17
0.4 1.42106 5.45526E-22 1.42115 -8.23264E-17
0.5 1.28581 1.14988E-21 1.2859 -5.5365E-17
0.6 1.16344 1.59315E-21 1.16353 9.22416E-17
0.7 1.05272 9.61313E-22 1.0528 7.31206E-17
0.8 0.952555 6.71464E-22 0.952638 1.4895E-18
0.9 0.861887 -3.6725E-21 0.861965 2.25577E-17
1 0.779878 4.25856E-22 0.779952 -6.38805E-17
1.1 0.705719 -1.54786E-22 0.705787 1.23601E-17
1.2 0.638557 1.06719E-22 0.63862 3.54385E-18
1.3 0.577798 -3.10193E-25 0.577856 -5.6243E-19
1.4 0.522856 -2.06977E-21 0.522908 3.49194E-18
1.5 0.473076 1.18017E-21 0.473122 -1.64775E-18
1.6 0.428103 -3.30097E-22 0.428146 2.64142E-17
1.7 0.387395 -6.18214E-22 0.387433 2.21656E-17
1.8 0.350534 1.77327E-23 0.350568 2.66883E-17
1.9 0.317172 7.96161E-24 0.317202 -1.09369E-17
2 0.28697 -7.71217E-23 0.286997 7.21676E-18
2.1 0.259659 -2.59786E-24 0.259683 6.03935E-18
2.2 0.234932 -1.34481E-23 0.234953 -6.95583E-18
2.3 0.212569 4.70394E-23 0.212587 -2.59872E-18
2.4 0.192333 -3.20549E-22 0.192349 7.35068E-18
2.5 0.174025 -1.07107E-22 0.174039 6.74073E-18
2.6 0.157477 4.70782E-24 0.15749 2.24972E-18
2.7 0.142499 4.26289E-23 0.14251 -1.31545E-18
2.8 0.128936 -1.12509E-23 0.128945 -5.37016E-19
2.9 0.116652 1.41758E-22 0.11666 5.2428E-19
3 0.105546 1.72613E-22 0.105553 1.42213E-18
3.1 0.0955059 -9.02273E-23 0.0955123 1.25024E-18
3.2 0.0864156 -4.03929E-23 0.0864211 -5.34894E-19
3.3 0.0781955 -2.17135E-24 0.0782003 1.4569E-18
3.4 0.070743 -5.63355E-24 0.0707472 -7.0003E-18
3.5 0.0640098 2.21755E-23 0.0640134 1.6407E-18
3.6 0.0579173 1.74952E-23 0.0579204 -3.47453E-18
3.7 0.0523986 -5.27489E-24 0.0524014 2.89051E-19
3.8 0.0474122 -1.47632E-23 0.0474145 2.18281E-18
3.9 0.0429024 1.25313E-23 0.0429045 2.6745E-19
4 0.0388177 -1.71664E-23 0.0388195 -1.4463E-19
4.1 0.0351238 5.42029E-24 0.0351254 -2.57922E-19
4.2 0.0317788 4.0422E-24 0.0317801 1.88962E-18
4.3 0.0287546 -9.23672E-24 0.0287558 -2.09635E-20
4.4 0.0260172 -1.14707E-23 0.0260182 4.5534E-21
4.5 0.0235439 -4.96228E-24 0.0235448 6.65982E-20
4.6 0.0213011 -9.55256E-24 0.0213019 -4.65127E-19
4.7 0.019275 -3.46543E-24 0.0192756 -4.48874E-19
4.8 0.0174397 2.20608E-23 0.0174402 6.08063E-19
4.9 0.0157822 -5.14504E-24 0.0157827 -1.52005E-18
5 0.0142786 6.98055E-24 0.014279 -8.15269E-19
5.1 0.0129181 -1.11677E-25 0.0129185 -8.46318E-19
5.2 0.011688 1.02253E-23 0.0116883 -4.6923E-19
5.3 0.0105765 -2.29413E-25 0.0105768 -3.81324E-19
5.4 0.00956844 1.24925E-24 0.00956867 1.4588E-18
5.5 0.00865835 -7.43574E-25 0.00865855 -7.50021E-19
5.6 0.00783434 -5.61406E-24 0.00783452 -1.45451E-19
5.7 0.00708897 3.73877E-24 0.00708912 -2.25391E-20
5.8 0.0064146 5.7114E-24 0.00641472 -1.69407E-19
5.9 0.00580367 4.21668E-25 0.00580378 -1.31462E-19
6 0.00525224 1.12728E-24 0.00525233 1.522E-21
6.1 0.00475253 1.63477E-25 0.00475261 7.79535E-21
6.2 0.00430026 1.41838E-24 0.00430033 9.94403E-20
6.3 0.00389094 -8.63683E-25 0.003891 8.28637E-20
6.4 0.00352047 -5.68081E-25 0.00352052 6.02585E-20
6.5 0.00318551 4.23738E-25 0.00318556 2.49643E-19
6.6 0.00288231 2.74286E-24 0.00288235 -2.91866E-19
6.7 0.00260765 8.84837E-25 0.00260769 -5.10807E-19
6.8 0.0023598 7.53873E-25 0.00235983 2.40868E-19
6.9 0.00213551 -2.5915E-25 0.00213554 -1.43946E-19
7 0.00193243 3.07315E-25 0.00193245 -1.84693E-20
7.1 0.00174872 2.10781E-24 0.00174874 -8.71154E-20
7.2 0.00158241 1.08249E-24 0.00158243 4.57679E-20
7.3 0.00143163 -6.38321E-25 0.00143164 2.20063E-20
7.4 0.00129555 -1.79242E-25 0.00129556 1.21331E-20
7.5 0.00117212 -1.29096E-25 0.00117213 8.78466E-22
7.6 0.0010605 -8.45369E-25 0.00106051 7.18986E-21
7.7 0.000959715 -4.34315E-25 0.000959722 -7.0666E-21
7.8 0.000868373 -1.28389E-25 0.000868379 -6.50164E-21
7.9 0.000785731 -2.50094E-25 0.000785736 2.33133E-20
8 0.000711013 -5.16458E-25 0.000711018 -5.0233E-20
8.1 0.000643365 1.75316E-25 0.000643369 1.45675E-20
8.2 0.000582159 3.06267E-25 0.000582163 -5.08534E-20
8.3 0.00052676 -3.15349E-25 0.000526763 1.10685E-20
8.4 0.000476624 2.52682E-25 0.000476627 -1.7555E-20
8.5 0.000431178 -4.61105E-26 0.000431181 -1.28852E-20
8.6 0.000390111 1.83521E-26 0.000390113 1.05854E-20
8.7 0.000352979 2.31136E-25 0.00035298 5.81061E-20
8.8 0.000319374 -7.26509E-26 0.000319376 2.44044E-20
8.9 0.000288996 3.05258E-26 0.000288997 -1.5948E-21
9 0.000261477 1.68078E-25 0.000261478 6.21998E-21
9.1 0.000236604 3.70828E-26 0.000236605 4.81109E-22
9.2 0.000214088 8.22182E-26 0.000214089 7.74965E-22
9.3 0.000193711 -1.06067E-25 0.000193711 3.05044E-21
9.4 0.000175285 -2.50889E-26 0.000175286 -2.11536E-21
9.5 0.000158601 8.05869E-26 0.000158601 9.85818E-21
9.6 0.000143495 -4.55331E-26 0.000143496 1.84373E-21
9.7 0.00012984 6.21228E-27 0.00012984 -3.14259E-21
9.8 0.000117474 -1.18056E-25 0.000117474 -2.90216E-21
9.9 0.000106301 3.26226E-26 0.000106301 6.04545E-21
10 9.61875E-05 2.15245E-26 9.61877E-05 2.7055E-21
