0 0 0 1 0
0.1 -0.00029822 0 1 0
0.2 -0.030658 0 0.99906 0
0.3 -0.0383375 0 0.99853 0
0.4 -0.0143778 0 0.999793 0
0.5 -0.0383242 0 0.998531 0
0.6 -0.0209467 0 0.999561 0
0.7 0.0226565 0 0.999487 0
0.8 0.0470922 0 0.997782 0
0.9 0.057331 0 0.996713 0
1 0.114974 0 0.986781 0
1.1 0.0894734 0 0.991995 0
1.2 0.114031 0 0.986997 0
1.3 0.149884 0 0.977535 0
1.4 0.0838342 0 0.992972 0
1.5 0.128159 0 0.983575 0
1.6 0.0943456 0 0.991099 0
1.7 0.0608611 0 0.996296 0
1.8 0.0832783 0 0.993065 0
1.9 0.112773 0 0.987282 0
2 0.178517 0 0.968132 0
