0 1 0 0 0
0.1 0.99955 0 0.00090014 0
0.2 0.995672 0 0.00863649 0
0.3 0.987501 0 0.0248419 0
0.4 0.989276 0 0.0213324 0
0.5 0.978787 0 0.0419755 0
0.6 0.971836 0 0.0555356 0
0.7 0.96389 0 0.0709164 0
0.8 0.965655 0 0.0675107 0
0.9 0.949682 0 0.0981039 0
1 0.952025 0 0.0936489 0
1.1 0.968305 0 0.062385 0
1.2 0.961062 0 0.0763595 0
1.3 0.962458 0 0.0736739 0
1.4 0.968143 0 0.0626994 0
1.5 0.944762 0 0.107425 0
1.6 0.967076 0 0.0647645 0
1.7 0.973475 0 0.0523462 0
1.8 0.978465 0 0.0426056 0
1.9 0.975737 0 0.0479379 0
2 0.959802 0 0.0787797 0
