Number_of_Trajectories  10 
0 0 0 0 0
0.1 0.0576004 -0.26926 0.0235338 -0.120272
0.2 -0.161089 -0.0814457 -0.430248 -0.0278695
0.3 -0.125307 0.0613452 -0.188068 0.184816
0.4 -0.159534 -0.0220972 -0.0212336 0.113081
0.5 -0.104216 0.0116159 -0.000508573 0.168309
0.6 -0.028949 -0.0850153 0.0960766 0.151077
0.7 0.00906988 -0.0406687 0.124238 0.0649994
0.8 0.00874349 -0.0586351 0.14918 0.0385217
0.9 0.0461142 -0.0447377 0.106021 0.0582878
1 0.0416279 -0.0104196 0.0900136 0.0278864
1.1 0.0371291 -0.0028048 0.0945315 0.0184823
1.2 0.0190294 -0.00327323 0.103874 -0.00409217
1.3 0.00365321 -0.032134 0.0988704 -0.0237388
1.4 -0.0239974 -0.0199722 0.0940055 -0.00991893
1.5 -0.0264573 -0.00275184 0.0727579 -0.0253349
1.6 -0.0259159 0.0267457 0.0613277 -0.031193
1.7 -0.0222675 0.0280402 0.0582406 -0.0351295
1.8 -0.0221837 0.0344134 0.0388202 -0.0493749
1.9 -0.04171 0.0456147 0.022588 -0.0528157
2 -0.0287944 0.0494626 0.00804514 -0.0490922
2.1 -0.0192143 0.0442052 -0.00335034 -0.0468758
2.2 -0.00357326 0.0276645 -0.0148827 -0.0389794
2.3 -0.00635376 0.0264519 -0.0207504 -0.0292518
2.4 -0.00909997 0.0219873 -0.0205092 -0.0214981
2.5 -0.00273105 0.0145438 -0.023255 -0.0131549
2.6 0.000232722 0.0168805 -0.022813 -0.00705524
2.7 0.00451107 0.016982 -0.023602 -0.00270248
2.8 0.00449761 0.0147749 -0.0206844 0.00237724
2.9 0.00437667 0.00432661 -0.0161197 0.0088356
3 0.0101049 0.00526519 -0.0115491 0.010912
3.1 0.013373 0.00540939 -0.00845383 0.0114861
3.2 0.0181122 0.00360393 -0.00534603 0.011784
3.3 0.0187704 0.00280634 -0.00359194 0.0115069
3.4 0.0153124 0.0024388 -0.000899243 0.0103506
3.5 0.0146169 0.00216488 0.00175868 0.00896296
3.6 0.0140323 0.00064911 0.0036275 0.00739091
3.7 0.0128224 0.00103914 0.00453275 0.00552783
3.8 0.0122737 -0.00110449 0.00524006 0.00408249
3.9 0.0112992 -0.00143436 0.00519288 0.00289735
4 0.0110669 -0.00193322 0.00513986 0.00144521
4.1 0.0109149 -0.00208007 0.0049668 0.000207166
4.2 0.00887744 -0.0032866 0.00429768 -0.000773733
4.3 0.00722862 -0.00248854 0.00363525 -0.00145061
4.4 0.00693534 -0.00313821 0.00295102 -0.00179967
4.5 0.00639435 -0.00340422 0.0024072 -0.00194314
4.6 0.00650204 -0.00278707 0.00172547 -0.00220421
4.7 0.00635807 -0.00411458 0.00111288 -0.00223366
4.8 0.00644245 -0.00485906 0.000515968 -0.00217367
4.9 0.00584562 -0.00601435 5.51865E-05 -0.00204223
5 0.00568927 -0.00587173 -0.000317571 -0.00174349
5.1 0.00477164 -0.00575072 -0.000555745 -0.00147914
5.2 0.00438655 -0.00564399 -0.000739913 -0.00121899
5.3 0.00318191 -0.00591964 -0.000899106 -0.000962435
5.4 0.00227609 -0.00551547 -0.000973984 -0.000659437
5.5 0.00124267 -0.00517076 -0.00100962 -0.000388877
5.6 0.000605038 -0.00483061 -0.00095743 -0.000175057
5.7 0.000276295 -0.00485201 -0.000881951 2.03367E-05
5.8 -0.000599686 -0.00479232 -0.000774322 0.000181656
5.9 -0.000687433 -0.00447433 -0.000656282 0.000291942
6 -0.00148488 -0.00413231 -0.000537242 0.000389273
6.1 -0.00164228 -0.00394312 -0.000411422 0.000447722
6.2 -0.00191809 -0.00348418 -0.000290002 0.000470775
6.3 -0.00218425 -0.00303088 -0.00016928 0.000475824
6.4 -0.00243185 -0.002812 -6.48267E-05 0.00044758
6.5 -0.00254176 -0.00236896 2.39482E-05 0.000412505
6.6 -0.0025454 -0.00195245 9.52582E-05 0.000360173
6.7 -0.00260316 -0.00164582 0.00014317 0.000296382
6.8 -0.0027049 -0.00141891 0.000180042 0.000237434
6.9 -0.00267804 -0.00103361 0.000202234 0.000182419
7 -0.00266582 -0.000747282 0.000211689 0.000124763
7.1 -0.00257874 -0.000379015 0.000213617 7.2784E-05
7.2 -0.00252645 -7.16835E-05 0.000203203 2.65607E-05
7.3 -0.00232429 0.000191054 0.000185253 -1.61622E-05
7.4 -0.00222686 0.000393697 0.000162129 -4.51296E-05
7.5 -0.00209065 0.000501522 0.000135321 -6.92762E-05
7.6 -0.00191348 0.000614522 0.000106998 -8.58654E-05
7.7 -0.00173614 0.000818236 7.9862E-05 -9.51724E-05
7.8 -0.00158434 0.000925845 5.38163E-05 -9.89265E-05
7.9 -0.00139131 0.00103171 2.95436E-05 -9.75059E-05
8 -0.00118698 0.00109498 8.87751E-06 -9.22658E-05
8.1 -0.00102439 0.00117816 -8.64589E-06 -8.33146E-05
8.2 -0.000850573 0.0011972 -2.25398E-05 -7.24359E-05
8.3 -0.000698025 0.00121632 -3.26586E-05 -6.00041E-05
8.4 -0.000517986 0.00122334 -3.98792E-05 -4.7406E-05
8.5 -0.000358212 0.00121275 -4.36845E-05 -3.44768E-05
8.6 -0.000233708 0.00118658 -4.47627E-05 -2.25746E-05
8.7 -0.000120807 0.00113819 -4.38635E-05 -1.19439E-05
8.8 3.54035E-06 0.00108195 -4.10175E-05 -2.62504E-06
8.9 8.84742E-05 0.00103855 -3.68322E-05 4.87368E-06
9 0.000177915 0.000972313 -3.18025E-05 1.09955E-05
9.1 0.000251715 0.000899312 -2.62906E-05 1.54695E-05
9.2 0.000325521 0.00080854 -2.05915E-05 1.8479E-05
9.3 0.000383271 0.000729015 -1.49161E-05 2.01401E-05
9.4 0.000436097 0.000654465 -9.66558E-06 2.0529E-05
9.5 0.000477432 0.000575424 -4.89096E-06 1.99146E-05
9.6 0.00050264 0.000496791 -7.30763E-07 1.85155E-05
9.7 0.000523306 0.000425839 2.67779E-06 1.65722E-05
9.8 0.000530381 0.000349319 5.38682E-06 1.41823E-05
9.9 0.00053455 0.000276033 7.35243E-06 1.16115E-05
10 0.000530452 0.000216132 8.57455E-06 8.98093E-06
