Number_of_Trajectories  10 
0 5 0 0 0
0.1 4.53145 6.93889E-19 0.311547 -3.52667E-16
0.2 4.28538 8.08381E-17 0.438759 -5.94475E-16
0.3 3.86506 7.28584E-18 0.577006 -1.54498E-16
0.4 3.45366 4.16334E-18 0.696791 -2.99399E-17
0.5 3.01549 -2.78423E-17 0.768883 9.51577E-17
0.6 2.74351 1.11131E-17 0.839557 -7.55627E-17
0.7 2.34365 3.45589E-19 0.869177 3.43619E-17
0.8 2.09404 2.75821E-17 0.874111 -1.05338E-16
0.9 1.87684 3.03577E-18 0.869295 -4.54166E-17
1 1.6204 5.7029E-18 0.836775 -1.06924E-17
1.1 1.55105 6.24907E-18 0.814587 -3.62902E-17
1.2 1.40213 -2.59531E-18 0.778541 5.39327E-18
1.3 1.26042 -2.58853E-19 0.72944 8.7018E-18
1.4 1.11627 -1.47566E-18 0.685061 -1.52347E-17
1.5 0.974991 -1.05172E-18 0.648372 1.04344E-17
1.6 0.892334 -1.64799E-18 0.606648 1.08706E-19
1.7 0.835459 -4.60701E-19 0.578463 1.48684E-17
1.8 0.760534 7.80763E-19 0.537875 2.34579E-19
1.9 0.679527 -6.12865E-19 0.495193 2.857E-18
2 0.589436 -7.58942E-19 0.451359 1.67579E-19
2.1 0.531096 -1.38643E-18 0.414969 3.41772E-18
2.2 0.46612 6.39668E-19 0.376706 9.59842E-19
2.3 0.411153 -9.22419E-20 0.342698 -6.25803E-19
2.4 0.365672 -1.30012E-19 0.313346 1.26555E-19
2.5 0.332726 3.79568E-20 0.288472 -1.70983E-19
2.6 0.307561 2.0871E-19 0.268836 -3.82377E-19
2.7 0.289831 5.41737E-21 0.254153 -6.90143E-19
2.8 0.261058 2.20238E-20 0.232087 2.94475E-19
2.9 0.236683 -1.21969E-20 0.212716 7.00243E-20
3 0.212279 -4.7772E-20 0.193253 4.64302E-20
3.1 0.191791 -2.71059E-21 0.176161 3.93441E-20
3.2 0.173098 1.4908E-20 0.160458 8.61411E-21
3.3 0.156752 -1.55855E-20 0.146396 -9.14936E-20
3.4 0.139972 -2.20228E-21 0.132041 -1.56416E-20
3.5 0.126515 1.52445E-21 0.120026 3.21971E-20
3.6 0.115163 1.18586E-20 0.109728 1.7666E-20
3.7 0.103984 8.47043E-23 0.0996563 -2.56314E-20
3.8 0.0944125 3.04931E-21 0.0908346 -9.49505E-22
3.9 0.0854344 1.95876E-21 0.0824943 4.78094E-21
4 0.07776 7.41141E-23 0.0753345 1.43215E-21
4.1 0.0707939 9.31723E-22 0.0687614 4.10416E-21
4.2 0.0627908 -3.81165E-22 0.0611957 2.52771E-21
4.3 0.0569453 2.11759E-23 0.0556334 7.62282E-22
4.4 0.0509611 2.10434E-22 0.049919 5.24013E-22
4.5 0.04589 4.23518E-22 0.0450422 -4.19693E-23
4.6 0.0413986 -2.43522E-22 0.0407129 6.70995E-22
4.7 0.0373856 2.75286E-22 0.0368246 3.91904E-22
4.8 0.0336268 1.58819E-22 0.0331735 3.98106E-22
4.9 0.0306596 -3.14329E-23 0.0302807 -1.13088E-22
5 0.0275445 -4.49986E-23 0.0272409 5.03107E-23
5.1 0.0246988 -2.11758E-23 0.0244569 2.82617E-22
5.2 0.0222174 -5.95567E-24 0.0220214 4.65975E-23
5.3 0.0203258 2.77933E-23 0.0201605 6.26078E-24
5.4 0.0183398 -4.96309E-24 0.018206 2.14259E-23
5.5 0.0166232 3.30873E-24 0.0165127 5.34575E-23
5.6 0.0149751 2.06796E-26 0.0148856 -1.28112E-24
5.7 0.0135771 -1.32349E-24 0.0135034 2.12093E-23
5.8 0.0123315 -6.61906E-25 0.0122706 9.21939E-26
5.9 0.0111318 -1.40621E-24 0.0110823 -7.25159E-24
6 0.0100996 3.87743E-26 0.0100585 2.66361E-24
6.1 0.00916762 -9.92239E-32 0.00913375 7.96161E-24
6.2 0.00832883 -1.24077E-24 0.00830092 -3.04031E-25
6.3 0.0075302 4.96308E-25 0.00750734 6.44142E-24
6.4 0.00681504 -4.1359E-26 0.00679637 -3.55716E-24
6.5 0.00618201 4.1359E-26 0.00616664 -4.14254E-25
6.6 0.00562314 5.23853E-33 0.00561044 3.30872E-25
6.7 0.00504936 1.24077E-25 0.00503917 -1.65563E-24
6.8 0.00457579 8.27181E-26 0.0045674 8.72996E-25
6.9 0.00414635 1.44757E-25 0.00413944 7.83815E-25
7 0.00375108 4.15206E-26 0.00374542 -2.6922E-25
7.1 0.00339927 -3.61892E-26 0.0033946 -1.2892E-25
7.2 0.00307842 3.10193E-26 0.00307459 7.49461E-25
7.3 0.00278247 2.06795E-26 0.00277934 -3.51679E-25
7.4 0.00252482 -5.16988E-27 0.00252225 -1.29179E-25
7.5 0.00228315 1.00166E-26 0.00228105 1.09817E-25
7.6 0.00206971 -3.87741E-27 0.00206799 -2.32473E-26
7.7 0.00187544 -1.55096E-26 0.00187402 4.17514E-26
7.8 0.0016981 1.9387E-27 0.00169694 -8.27235E-26
7.9 0.00153676 -7.75482E-27 0.00153581 2.71687E-26
8 0.00139195 2.82728E-27 0.00139117 9.62635E-28
8.1 0.00125815 -1.61559E-27 0.00125751 9.69833E-27
8.2 0.00113691 -1.05013E-27 0.00113639 -2.8109E-26
8.3 0.00102864 -7.27014E-28 0.00102821 -4.84475E-27
8.4 0.000930595 -8.07794E-28 0.000930244 -1.28785E-27
8.5 0.000840489 -4.84676E-28 0.000840204 -5.24954E-27
8.6 0.000759433 5.25066E-28 0.0007592 -6.07395E-28
8.7 0.000687864 -2.82728E-28 0.000687673 -1.97317E-29
8.8 0.000622529 -8.07794E-29 0.000622373 4.64496E-27
8.9 0.000563144 -2.01948E-28 0.000563016 3.64211E-28
9 0.000509611 -2.82728E-28 0.000509507 8.48494E-28
9.1 0.0004615 -1.31266E-28 0.000461414 -8.45519E-28
9.2 0.000417871 -1.61559E-28 0.000417801 -1.61415E-28
9.3 0.00037809 -4.03897E-29 0.000378033 -5.65423E-28
9.4 0.000342221 -4.16519E-29 0.000342173 1.01262E-29
9.5 0.000309672 -1.00974E-28 0.000309633 -2.3217E-28
9.6 0.000280308 -9.93965E-30 0.000280277 -8.07749E-29
9.7 0.000253699 -1.13596E-29 0.000253673 -1.28723E-28
9.8 0.000229567 -4.57539E-29 0.000229546 2.96955E-29
9.9 0.000207751 1.26218E-30 0.000207734 -6.56335E-29
10 0.000187993 1.26218E-30 0.000187979 3.78646E-29
